c:\users\jungin\documents\of_v0.9.8_vs_release\examples\sound\audioinputexample\bin\audioinputexample_debug.lib
c:\users\jungin\documents\of_v0.9.8_vs_release\examples\sound\audioinputexample\bin\audioinputexample_debug.exp
c:\users\jungin\documents\of_v0.9.8_vs_release\examples\sound\audioinputexample\obj\debug\main.obj
c:\users\jungin\documents\of_v0.9.8_vs_release\examples\sound\audioinputexample\obj\debug\ofapp.obj
c:\users\jungin\documents\of_v0.9.8_vs_release\examples\sound\audioinputexample\obj\debug\vc140.pdb
c:\users\jungin\documents\of_v0.9.8_vs_release\examples\sound\audioinputexample\obj\debug\icon.res
c:\users\jungin\documents\of_v0.9.8_vs_release\examples\sound\audioinputexample\obj\debug\audioinputexample.vcxprojresolveassemblyreference.cache
c:\users\jungin\documents\of_v0.9.8_vs_release\examples\sound\audioinputexample\obj\debug\audioinp.7fd42df7.tlog\audioinputexample.write.1u.tlog
c:\users\jungin\documents\of_v0.9.8_vs_release\examples\sound\audioinputexample\obj\debug\audioinp.7fd42df7.tlog\cl.command.1.tlog
c:\users\jungin\documents\of_v0.9.8_vs_release\examples\sound\audioinputexample\obj\debug\audioinp.7fd42df7.tlog\cl.read.1.tlog
c:\users\jungin\documents\of_v0.9.8_vs_release\examples\sound\audioinputexample\obj\debug\audioinp.7fd42df7.tlog\cl.write.1.tlog
c:\users\jungin\documents\of_v0.9.8_vs_release\examples\sound\audioinputexample\obj\debug\audioinp.7fd42df7.tlog\link-cvtres.read.1.tlog
c:\users\jungin\documents\of_v0.9.8_vs_release\examples\sound\audioinputexample\obj\debug\audioinp.7fd42df7.tlog\link-cvtres.write.1.tlog
c:\users\jungin\documents\of_v0.9.8_vs_release\examples\sound\audioinputexample\obj\debug\audioinp.7fd42df7.tlog\link-rc.read.1.tlog
c:\users\jungin\documents\of_v0.9.8_vs_release\examples\sound\audioinputexample\obj\debug\audioinp.7fd42df7.tlog\link-rc.write.1.tlog
c:\users\jungin\documents\of_v0.9.8_vs_release\examples\sound\audioinputexample\obj\debug\audioinp.7fd42df7.tlog\link.command.1.tlog
c:\users\jungin\documents\of_v0.9.8_vs_release\examples\sound\audioinputexample\obj\debug\audioinp.7fd42df7.tlog\link.read.1.tlog
c:\users\jungin\documents\of_v0.9.8_vs_release\examples\sound\audioinputexample\obj\debug\audioinp.7fd42df7.tlog\link.write.1.tlog
c:\users\jungin\documents\of_v0.9.8_vs_release\examples\sound\audioinputexample\obj\debug\audioinp.7fd42df7.tlog\rc.command.1.tlog
c:\users\jungin\documents\of_v0.9.8_vs_release\examples\sound\audioinputexample\obj\debug\audioinp.7fd42df7.tlog\rc.read.1.tlog
c:\users\jungin\documents\of_v0.9.8_vs_release\examples\sound\audioinputexample\obj\debug\audioinp.7fd42df7.tlog\rc.write.1.tlog
